<?xml version="1.0" encoding="UTF-8"?>
<testsuite xmlns:xsi="http://www.w3.org/2001/XMLSchema-instance" xsi:noNamespaceSchemaLocation="https://maven.apache.org/surefire/maven-surefire-plugin/xsd/surefire-test-report.xsd" name="fr.humanbooster.ph.autoroute.dao.ClasseDaoTest" time="0.012" tests="3" errors="3" skipped="0" failures="0">
  <properties>
[...]
</properties>
  <testcase name="testCreate" classname="fr.humanbooster.ph.autoroute.dao.ClasseDaoTest" time="0.002">
    <error type="java.lang.NullPointerException">java.lang.NullPointerException
	at fr.humanbooster.ph.autoroute.dao.ClasseDaoTest.testCreate(ClasseDaoTest.java:31)
</error>
  </testcase>
  <testcase name="testFindOne" classname="fr.humanbooster.ph.autoroute.dao.ClasseDaoTest" time="0.005">
    <error type="java.lang.NullPointerException">java.lang.NullPointerException
	at fr.humanbooster.ph.autoroute.dao.ClasseDaoTest.testFindOne(ClasseDaoTest.java:48)
</error>
  </testcase>
  <testcase name="testFindAll" classname="fr.humanbooster.ph.autoroute.dao.ClasseDaoTest" time="0.003">
    <error type="java.lang.NullPointerException">java.lang.NullPointerException
	at fr.humanbooster.ph.autoroute.dao.ClasseDaoTest.testFindAll(ClasseDaoTest.java:62)
</error>
  </testcase>
</testsuite>